<?xml version="1.0" encoding="UTF-8"?>
<!-- Generated by org.testng.reporters.JUnitReportReporter -->
<testsuite hostname="DESKTOP-LRVS994" failures="0" tests="1" name="datadriventesting.LoginToActitime" time="81.276" errors="0" timestamp="2023-07-27T22:06:07 IST" skipped="0">
  <testcase classname="datadriventesting.LoginToActitime" name="loginActitimeTest" time="81.276"/>
</testsuite> <!-- datadriventesting.LoginToActitime -->
