<?xml version="1.0" encoding="UTF-8"?>
<!-- Generated by org.testng.reporters.JUnitReportReporter -->
<testsuite hostname="DESKTOP-LRVS994" failures="0" tests="1" name="Testng_demo" time="0.039" errors="0" timestamp="2024-03-21T22:45:42 IST" skipped="0">
  <testcase classname="Testng_demo" name="sample" time="0.039"/>
</testsuite> <!-- Testng_demo -->
