<?xml version="1.0" encoding="UTF-8"?>
<!-- Generated by org.testng.reporters.JUnitReportReporter -->
<testsuite hostname="DESKTOP-LRVS994" failures="0" tests="1" name="TestNG.Demo" time="0.048" errors="0" timestamp="2023-07-06T07:19:17 IST" skipped="0">
  <testcase classname="TestNG.Demo" name="demoTest" time="0.048">
    <system-out>
      <![CDATA[welcome to TestNG]]>
    </system-out>
  </testcase> <!-- demoTest -->
  <system-out>
    <![CDATA[welcome to TestNG]]>
  </system-out>
</testsuite> <!-- TestNG.Demo -->
