<?xml version="1.0" encoding="UTF-8"?>
<!-- Generated by org.testng.reporters.JUnitReportReporter -->
<testsuite hostname="DESKTOP-LRVS994" failures="0" tests="4" name="actiTime.testscript.CustomerModule" time="0.062" errors="0" timestamp="2023-07-06T11:48:04 IST" skipped="0">
  <testcase classname="actiTime.testscript.CustomerModule" name="deleteCustomer" time="0.041">
    <system-out>
      <![CDATA[Delete a Customer]]>
    </system-out>
  </testcase> <!-- deleteCustomer -->
  <testcase classname="actiTime.testscript.CustomerModule" name="modifyCustomer" time="0.007">
    <system-out>
      <![CDATA[Modified Customer ]]>
    </system-out>
  </testcase> <!-- modifyCustomer -->
  <testcase classname="actiTime.testscript.CustomerModule" name="createCustomer" time="0.009">
    <system-out>
      <![CDATA[Create a  Customer]]>
    </system-out>
  </testcase> <!-- createCustomer -->
  <testcase classname="actiTime.testscript.CustomerModule" name="createCustomer" time="0.005">
    <system-out>
      <![CDATA[Create a  Customer]]>
    </system-out>
  </testcase> <!-- createCustomer -->
  <system-out>
    <![CDATA[Delete a Customer
Modified Customer 
Create a  Customer
Create a  Customer]]>
  </system-out>
</testsuite> <!-- actiTime.testscript.CustomerModule -->
